<?xml version="1.0" encoding="UTF-8"?>
<beans xmlns="http://www.springframework.org/schema/beans"
	xmlns:xsi="http://www.w3.org/2001/XMLSchema-instance" xmlns:context="http://www.springframework.org/schema/context"
	xmlns:aop="http://www.springframework.org/schema/aop" xmlns:tx="http://www.springframework.org/schema/tx"
	xsi:schemaLocation="http://www.springframework.org/schema/beans
           http://www.springframework.org/schema/beans/spring-beans-3.0.xsd
           http://www.springframework.org/schema/aop 
           http://www.springframework.org/schema/aop/spring-aop-3.0.xsd
           http://www.springframework.org/schema/tx
     	   http://www.springframework.org/schema/tx/spring-tx-3.0.xsd
           http://www.springframework.org/schema/context
           http://www.springframework.org/schema/context/spring-context-3.0.xsd">

	<!-- ua_info data source -->
	<bean id="dataSource" class="com.alibaba.druid.pool.DruidDataSource"
		init-method="init" destroy-method="close" lazy-init="true">
		<property name="url">
			<value><![CDATA[jdbc:mysql://localhost:3306/shopping?useUnicode=true&characterEncoding=UTF-8]]></value>
		</property>
		<property name="username" value="root" />
		<property name="password" value="875154" />
		<property name="filters" value="stat" />
		<property name="maxActive" value="20" />
		<property name="initialSize" value="5" />
		<property name="maxWait" value="3000" />
		<property name="maxIdle" value="5" />
		<property name="minIdle" value="5" />
		<property name="timeBetweenEvictionRunsMillis" value="3000" />
		<property name="minEvictableIdleTimeMillis" value="300000" />
		<property name="validationQuery" value="SELECT 'x'" />
		<property name="testWhileIdle" value="true" />
		<property name="testOnBorrow" value="false" />
		<property name="testOnReturn" value="false" />
		<property name="removeAbandoned" value="true" />
		<property name="removeAbandonedTimeout" value="600" />
		<property name="logAbandoned" value="true" />
	</bean>
</beans>
